{"logTime": "0905/094959", "correlationVector":"FFAs4jxBkILvr7p1t/EC42.0","action":"FeedSettingFetch_homeCloud", "result":"0", "context":{}}
{"logTime": "0905/094959", "correlationVector":"BQYFH9yVEMngvlWt4mdSkr.1","action":"SyncServerConnectionManagerRequest", "result":"SYNC_SERVER_OK", "context":{"environment":"Prod_WestEurope", "server":"GENERAL0100002Q"}}
{"logTime": "0905/094959", "correlationVector":"BQYFH9yVEMngvlWt4mdSkr","action":"Initial GetUpdates", "result":""}
{"logTime": "0905/094959", "correlationVector":"BQYFH9yVEMngvlWt4mdSkr.2","action":"GetUpdates Response", "result":"SYNCER_OK"}
{"logTime": "0905/095000", "correlationVector":"BHwRut0rAc/LtHnP7fnSlt","action":"SyncServerConnectionManagerRequest", "result":"SYNC_SERVER_OK", "context":{"environment":"", "server":""}}
{"logTime": "0905/095001", "correlationVector":"Mt2E+FiRs0bJjV/3Z9cRDZ","action":"Initial GetUpdates", "result":""}
{"logTime": "0905/095002", "correlationVector":"Mt2E+FiRs0bJjV/3Z9cRDZ.1","action":"SyncServerConnectionManagerRequest", "result":"SYNC_SERVER_OK", "context":{"environment":"Prod_WestEurope", "server":"GENERAL01000012"}}
{"logTime": "0905/095002", "correlationVector":"Mt2E+FiRs0bJjV/3Z9cRDZ.2","action":"GetUpdates Response", "result":"SYNCER_OK"}
{"logTime": "0905/095002", "correlationVector":"m/ngrhuDep+E6sNcL4ZvUN","action":"Normal GetUpdate request", "result":""}
{"logTime": "0905/095003", "correlationVector":"m/ngrhuDep+E6sNcL4ZvUN.1","action":"SyncServerConnectionManagerRequest", "result":"SYNC_SERVER_OK", "context":{"environment":"Prod_WestEurope", "server":"GENERAL0100000C"}}
{"logTime": "0905/095003", "correlationVector":"m/ngrhuDep+E6sNcL4ZvUN.2","action":"GetUpdates Response", "result":"SYNCER_OK"}
{"logTime": "0905/095003", "correlationVector":"/73RdXP5dIdM495Qti6k60","action":"Commit Request", "result":""}
{"logTime": "0905/095004", "correlationVector":"/73RdXP5dIdM495Qti6k60.1","action":"SyncServerConnectionManagerRequest", "result":"SYNC_SERVER_OK", "context":{"environment":"Prod_WestEurope", "server":"GENERAL0100002R"}}
{"logTime": "0905/095004", "correlationVector":"/73RdXP5dIdM495Qti6k60.2","action":"Commit Response", "result":"SYNCER_OK"}
{"logTime": "0905/095004", "correlationVector":"Sq2SgOWcHs7fSGuMQ8gDOP","action":"Commit Request", "result":""}
{"logTime": "0905/095004", "correlationVector":"Sq2SgOWcHs7fSGuMQ8gDOP.1","action":"SyncServerConnectionManagerRequest", "result":"SYNC_SERVER_OK", "context":{"environment":"Prod_WestEurope", "server":"GENERAL0100000E"}}
{"logTime": "0905/095004", "correlationVector":"Sq2SgOWcHs7fSGuMQ8gDOP.2","action":"Commit Response", "result":"SYNCER_OK"}
{"logTime": "0906/044913", "correlationVector":"5icj6GN+CrnlkrCJcrgr/0.0","action":"FeedSettingFetch_homeCloud", "result":"0", "context":{}}
{"logTime": "0906/044913", "correlationVector":"5icj6GN+CrnlkrCJcrgr/0.0","action":"SyncServerConnectionManagerRequest", "result":"SYNC_SERVER_OK", "context":{"environment":"", "server":""}}
{"logTime": "0906/044914", "correlationVector":"GCYJOG5+AZAdIcRmaKshB1.1","action":"SyncServerConnectionManagerRequest", "result":"SYNC_SERVER_OK", "context":{"environment":"Prod_WestEurope", "server":"GENERAL0100000F"}}
{"logTime": "0906/044914", "correlationVector":"GCYJOG5+AZAdIcRmaKshB1","action":"Initial GetUpdates", "result":""}
{"logTime": "0906/044914", "correlationVector":"GCYJOG5+AZAdIcRmaKshB1.2","action":"GetUpdates Response", "result":"SYNCER_OK"}
{"logTime": "0906/044914", "correlationVector":"eJgjfAQW21QK6hav1bZYOB","action":"Normal GetUpdate request", "result":""}
{"logTime": "0906/044914", "correlationVector":"eJgjfAQW21QK6hav1bZYOB.1","action":"SyncServerConnectionManagerRequest", "result":"SYNC_SERVER_OK", "context":{"environment":"Prod_WestEurope", "server":"GENERAL0100000F"}}
{"logTime": "0906/044914", "correlationVector":"eJgjfAQW21QK6hav1bZYOB.2","action":"GetUpdates Response", "result":"SYNCER_OK"}
{"logTime": "0906/045251", "correlationVector":"dW9+YhNKx9YqQIImeDWaCG","action":"Poll GetUpdate request", "result":""}
{"logTime": "0906/045252", "correlationVector":"dW9+YhNKx9YqQIImeDWaCG.1","action":"SyncServerConnectionManagerRequest", "result":"SYNC_SERVER_OK", "context":{"environment":"Prod_WestEurope", "server":"GENERAL0100000O"}}
{"logTime": "0906/045252", "correlationVector":"dW9+YhNKx9YqQIImeDWaCG.2","action":"GetUpdates Response", "result":"SYNCER_OK"}
{"logTime": "0906/052529", "correlationVector":"9pDLQOul/BzhanXbpmu6f/.0","action":"FeedSettingFetch_homeCloud", "result":"0", "context":{}}
{"logTime": "0906/052529", "correlationVector":"87iFbg1ilh/cxfzc/aUNyn.1","action":"SyncServerConnectionManagerRequest", "result":"SYNC_SERVER_OK", "context":{"environment":"Prod_EastUS2", "server":"general01000004"}}
{"logTime": "0906/052529", "correlationVector":"87iFbg1ilh/cxfzc/aUNyn","action":"Initial GetUpdates", "result":""}
{"logTime": "0906/052529", "correlationVector":"87iFbg1ilh/cxfzc/aUNyn.2","action":"GetUpdates Response", "result":"SYNCER_OK"}
{"logTime": "0906/052529", "correlationVector":"lNCDPI1K7dt3oZuab9Mv5D","action":"Normal GetUpdate request", "result":""}
{"logTime": "0906/052529", "correlationVector":"lNCDPI1K7dt3oZuab9Mv5D.1","action":"SyncServerConnectionManagerRequest", "result":"SYNC_SERVER_OK", "context":{"environment":"Prod_EastUS2", "server":"general0100002M"}}
{"logTime": "0906/052529", "correlationVector":"lNCDPI1K7dt3oZuab9Mv5D.2","action":"GetUpdates Response", "result":"SYNCER_OK"}
{"logTime": "0906/083227", "correlationVector":"gm0B0Qpnsr5MttO5w9nTkV.0","action":"FeedSettingFetch_homeCloud", "result":"0", "context":{}}
{"logTime": "0906/083227", "correlationVector":"tWWpIWjwoEYPbaXbbTYdRx.1","action":"SyncServerConnectionManagerRequest", "result":"SYNC_SERVER_OK", "context":{"environment":"Prod_WestEurope", "server":"general01000000"}}
{"logTime": "0906/083227", "correlationVector":"tWWpIWjwoEYPbaXbbTYdRx","action":"Initial GetUpdates", "result":""}
{"logTime": "0906/083227", "correlationVector":"tWWpIWjwoEYPbaXbbTYdRx.2","action":"GetUpdates Response", "result":"SYNCER_OK"}
{"logTime": "0906/083227", "correlationVector":"VZG3zbtJS+opPPsWI6HX/z","action":"SyncServerConnectionManagerRequest", "result":"SYNC_SERVER_OK", "context":{"environment":"", "server":""}}
{"logTime": "0906/083227", "correlationVector":"/hAmOCPweX2494LlxUGYtV","action":"Normal GetUpdate request", "result":""}
{"logTime": "0906/083227", "correlationVector":"/hAmOCPweX2494LlxUGYtV.1","action":"SyncServerConnectionManagerRequest", "result":"SYNC_SERVER_OK", "context":{"environment":"Prod_WestEurope", "server":"GENERAL0100000G"}}
{"logTime": "0906/083227", "correlationVector":"/hAmOCPweX2494LlxUGYtV.2","action":"GetUpdates Response", "result":"SYNCER_OK"}
{"logTime": "0906/083227", "correlationVector":"Jzt5LQvobQMJT1hdiM9KAn","action":"Normal GetUpdate request", "result":""}
{"logTime": "0906/083227", "correlationVector":"Jzt5LQvobQMJT1hdiM9KAn.1","action":"SyncServerConnectionManagerRequest", "result":"SYNC_SERVER_OK", "context":{"environment":"Prod_WestEurope", "server":"GENERAL0100002N"}}
{"logTime": "0906/083227", "correlationVector":"Jzt5LQvobQMJT1hdiM9KAn.2","action":"GetUpdates Response", "result":"SYNCER_OK"}
{"logTime": "0906/174428", "correlationVector":"SGEfwzc2UzbV2JV/+GJMw6.0","action":"FeedSettingFetch_homeCloud", "result":"0", "context":{}}
{"logTime": "0906/174428", "correlationVector":"pwMZy7hn8onzXn+PpGz2Ab.1","action":"SyncServerConnectionManagerRequest", "result":"SYNC_SERVER_OK", "context":{"environment":"Prod_WestEurope", "server":"general0100000A"}}
{"logTime": "0906/174428", "correlationVector":"pwMZy7hn8onzXn+PpGz2Ab","action":"Initial GetUpdates", "result":""}
{"logTime": "0906/174428", "correlationVector":"pwMZy7hn8onzXn+PpGz2Ab.2","action":"GetUpdates Response", "result":"SYNCER_OK"}
{"logTime": "0906/174428", "correlationVector":"X3q2HB41UWOz3MfjbiIu8E","action":"Normal GetUpdate request", "result":""}
{"logTime": "0906/174428", "correlationVector":"X3q2HB41UWOz3MfjbiIu8E.1","action":"SyncServerConnectionManagerRequest", "result":"SYNC_SERVER_OK", "context":{"environment":"Prod_WestEurope", "server":"general0100000A"}}
{"logTime": "0906/174428", "correlationVector":"X3q2HB41UWOz3MfjbiIu8E.2","action":"GetUpdates Response", "result":"SYNCER_OK"}
